build/app/intermediates/manifest_merge_blame_file/debug/manifest-merger-blame-debug-report.txt
1<?xml version="1.0" encoding="utf-8"?>
2<manifest xmlns:android="http://schemas.android.com/apk/res/android"
3    package="com.example.myapp"
4    android:versionCode="1"
5    android:versionName="1.0.0" >
6
7    <uses-sdk
8        android:minSdkVersion="16"
9        android:targetSdkVersion="28" />
10    <!--
11         Flutter needs it to communicate with the running application
12         to allow setting breakpoints, to provide hot reload, etc.
13    -->
14    <uses-permission android:name="android.permission.INTERNET" />
14-->src/debug/AndroidManifest.xml:6:5-66
14-->src/debug/AndroidManifest.xml:6:22-64
15    <uses-permission android:name="android.permission.ACCESS_FINE_LOCATION" />
15-->src/debug/AndroidManifest.xml:7:5-78
15-->src/debug/AndroidManifest.xml:7:22-76
16    <uses-permission android:name="android.permission.READ_SMS" />
16-->[:sms] AndroidManifest.xml:7:5-67
16-->[:sms] AndroidManifest.xml:7:22-64
17    <uses-permission android:name="android.permission.SEND_SMS" />
17-->[:sms] AndroidManifest.xml:8:5-67
17-->[:sms] AndroidManifest.xml:8:22-64
18    <uses-permission android:name="android.permission.RECEIVE_SMS" />
18-->[:sms] AndroidManifest.xml:9:5-70
18-->[:sms] AndroidManifest.xml:9:22-67
19    <uses-permission android:name="android.permission.READ_PHONE_STATE" />
19-->[:sms] AndroidManifest.xml:10:5-75
19-->[:sms] AndroidManifest.xml:10:22-72
20    <uses-permission android:name="android.permission.READ_CONTACTS" />
20-->[:sms] AndroidManifest.xml:11:5-72
20-->[:sms] AndroidManifest.xml:11:22-69
21    <uses-permission android:name="android.permission.READ_PROFILE" /> <!-- Include required permissions for Google Maps API to run. -->
21-->[:sms] AndroidManifest.xml:12:5-71
21-->[:sms] AndroidManifest.xml:12:22-68
22    <uses-permission android:name="android.permission.ACCESS_NETWORK_STATE" />
22-->[com.google.android.gms:play-services-maps:17.0.0] AndroidManifest.xml:23:5-79
22-->[com.google.android.gms:play-services-maps:17.0.0] AndroidManifest.xml:23:22-76
23
24    <uses-feature
24-->[com.google.android.gms:play-services-maps:17.0.0] AndroidManifest.xml:26:5-28:35
25        android:glEsVersion="0x00020000"
25-->[com.google.android.gms:play-services-maps:17.0.0] AndroidManifest.xml:27:9-41
26        android:required="true" />
26-->[com.google.android.gms:play-services-maps:17.0.0] AndroidManifest.xml:28:9-32
27    <!--
28 io.flutter.app.FlutterApplication is an android.app.Application that
29         calls FlutterMain.startInitialization(this); in its onCreate method.
30         In most cases you can leave this as-is, but you if you want to provide
31         additional functionality it is fine to subclass or reimplement
32         FlutterApplication and put your custom class here.
33    -->
34    <application
34-->src/main/AndroidManifest.xml:8:5-50:19
35        android:name="io.flutter.app.FlutterApplication"
35-->src/main/AndroidManifest.xml:9:9-57
36        android:appComponentFactory="androidx.core.app.CoreComponentFactory"
36-->[androidx.core:core:1.1.0] AndroidManifest.xml:24:18-86
37        android:debuggable="true"
38        android:icon="@mipmap/ic_launcher"
38-->src/main/AndroidManifest.xml:11:9-43
39        android:label="google_maps_in_flutter" >
39-->src/main/AndroidManifest.xml:10:9-47
40        <meta-data
40-->src/main/AndroidManifest.xml:13:9-14:52
41            android:name="com.google.android.geo.API_KEY"
41-->src/main/AndroidManifest.xml:13:20-65
42            android:value="{{YOUR_API_KEY_HERE}}" />
42-->src/main/AndroidManifest.xml:14:13-50
43
44        <activity
44-->src/main/AndroidManifest.xml:16:9-44:20
45            android:name="com.example.google_maps_in_flutter.MainActivity"
45-->src/main/AndroidManifest.xml:17:13-41
46            android:configChanges="orientation|keyboardHidden|keyboard|screenSize|smallestScreenSize|locale|layoutDirection|fontScale|screenLayout|density|uiMode"
46-->src/main/AndroidManifest.xml:20:13-163
47            android:hardwareAccelerated="true"
47-->src/main/AndroidManifest.xml:21:13-47
48            android:launchMode="singleTop"
48-->src/main/AndroidManifest.xml:18:13-43
49            android:theme="@style/LaunchTheme"
49-->src/main/AndroidManifest.xml:19:13-47
50            android:windowSoftInputMode="adjustResize" >
50-->src/main/AndroidManifest.xml:22:13-55
51
52            <!--
53                 Specifies an Android theme to apply to this Activity as soon as
54                 the Android process has started. This theme is visible to the user
55                 while the Flutter UI initializes. After that, this theme continues
56                 to determine the Window background behind the Flutter UI.
57            -->
58            <meta-data
58-->src/main/AndroidManifest.xml:27:13-30:17
59                android:name="io.flutter.embedding.android.NormalTheme"
59-->src/main/AndroidManifest.xml:28:15-70
60                android:resource="@style/NormalTheme" />
60-->src/main/AndroidManifest.xml:29:15-52
61            <!--
62                 Displays an Android View that continues showing the launch screen
63                 Drawable until Flutter paints its first frame, then this splash
64                 screen fades out. A splash screen is useful to avoid any visual
65                 gap between the end of Android's launch screen and the painting of
66                 Flutter's first frame.
67            -->
68            <meta-data
68-->src/main/AndroidManifest.xml:36:13-39:17
69                android:name="io.flutter.embedding.android.SplashScreenDrawable"
69-->src/main/AndroidManifest.xml:37:15-79
70                android:resource="@drawable/launch_background" />
70-->src/main/AndroidManifest.xml:38:15-61
71
72            <intent-filter>
72-->src/main/AndroidManifest.xml:40:13-43:29
73                <action android:name="android.intent.action.MAIN" />
73-->src/main/AndroidManifest.xml:41:17-68
73-->src/main/AndroidManifest.xml:41:25-66
74
75                <category android:name="android.intent.category.LAUNCHER" />
75-->src/main/AndroidManifest.xml:42:17-76
75-->src/main/AndroidManifest.xml:42:27-74
76            </intent-filter>
77        </activity>
78        <!--
79             Don't delete the meta-data below.
80             This is used by the Flutter tool to generate GeneratedPluginRegistrant.java
81        -->
82        <meta-data
82-->src/main/AndroidManifest.xml:47:9-49:33
83            android:name="flutterEmbedding"
83-->src/main/AndroidManifest.xml:48:13-44
84            android:value="2" />
84-->src/main/AndroidManifest.xml:49:13-30
85        <!-- Needs to be explicitly declared on P+ -->
86        <uses-library
86-->[com.google.android.gms:play-services-maps:17.0.0] AndroidManifest.xml:33:9-35:40
87            android:name="org.apache.http.legacy"
87-->[com.google.android.gms:play-services-maps:17.0.0] AndroidManifest.xml:34:13-50
88            android:required="false" />
88-->[com.google.android.gms:play-services-maps:17.0.0] AndroidManifest.xml:35:13-37
89
90        <activity
90-->[com.google.android.gms:play-services-base:17.0.0] AndroidManifest.xml:23:9-26:75
91            android:name="com.google.android.gms.common.api.GoogleApiActivity"
91-->[com.google.android.gms:play-services-base:17.0.0] AndroidManifest.xml:24:13-79
92            android:exported="false"
92-->[com.google.android.gms:play-services-base:17.0.0] AndroidManifest.xml:25:13-37
93            android:theme="@android:style/Theme.Translucent.NoTitleBar" />
93-->[com.google.android.gms:play-services-base:17.0.0] AndroidManifest.xml:26:13-72
94
95        <meta-data
95-->[com.google.android.gms:play-services-basement:17.0.0] AndroidManifest.xml:23:9-25:69
96            android:name="com.google.android.gms.version"
96-->[com.google.android.gms:play-services-basement:17.0.0] AndroidManifest.xml:24:13-58
97            android:value="@integer/google_play_services_version" />
97-->[com.google.android.gms:play-services-basement:17.0.0] AndroidManifest.xml:25:13-66
98    </application>
99
100</manifest>